Array
(
    [scientificName] => Plantae
    [ejemplarId] => Canela 324
    [family] => 1
    [genre] => 1
    [species] => 2
    [biologicalForm] => 1
    [typeVegetation] => 2
    [soil] => 1
    [fruit] => 3
    [flower] => 2
    [lifeCycle] => 1
    [determinerName] => Juan
    [determinerLastName] => Arroyo
    [determinerLastName2] => Hernandez
    [size] => 2.3
    [plantClassification] => 1
    [associated] => Asociada a tu mama
    [protected] => false
    [abundance] => 2
    [numberDuplicates] => 12
    [environmentalInformation] => Informacion informaciosa
    [otherInformation] => Blah
    [collectDate] => 2025-03-31
    [collectNumber] => 12
    [microhabitat] => undefined
    [localName] => PLANTA ALV
    [collectors] => 2
    [state] => 2
    [municipality] => 1
    [locality] => 1
    [latitudeDegrees] => 12
    [latitudeMinutes] => 23
    [latitudeSeconds] => 34
    [longitudeDegrees] => 45
    [longitudeMinutes] => 56
    [longitudeSeconds] => 67
    [altitude] => 345
    [latitude] => 12.392777777777777
    [longitude] => 45.95194444444444
)
